Build started 2014/10/21 18:31:23.
     1>Project "E:\MengTaSanGuo\dependencies\src\lua-5.1.4\src\lua.vcxproj" on node 2 (Rebuild target(s)).
     1>_PrepareForClean:
         Deleting file "lua.dir\Release\src_lua-5.1.4_src.lastbuildstate".
       InitializeBuildStatus:
         Creating "lua.dir\Release\src_lua-5.1.4_src.unsuccessfulbuild" because "AlwaysCreate" was specified.
       ClCompile:
         C:\Program Files (x86)\Microsoft Visual Studio 11.0\VC\bin\CL.exe /c /I"E:/MengTaSanGuo/dependencies/src/lua-5.1.4/src" /nologo /W3 /WX- /O2 /Ob2 /Oy- /D WIN32 /D _WINDOWS /D NDEBUG /D "CMAKE_INTDIR=\"Release\"" /D _MBCS /Gm- /MT /GS /fp:precise /Zc:wchar_t /Zc:forScope /Fo"lua.dir\Release\\" /Fd"E:/MengTaSanGuo/dependencies/lib/Release/lua.pdb" /Gd /TC /analyze- /errorReport:prompt  /Zm1000 lapi.c lauxlib.c lbaselib.c lcode.c ldblib.c ldebug.c ldo.c ldump.c lfunc.c lgc.c linit.c liolib.c llex.c lmathlib.c lmem.c loadlib.c lobject.c lopcodes.c loslib.c lparser.c lstate.c lstring.c lstrlib.c ltable.c ltablib.c ltm.c lundump.c lvm.c lzio.c
         {{xgTaskID=00000005}}
         lapi.c
         {{xgTaskID=00000000}}
         {{xgTaskID=00000006}}
         lauxlib.c
     1>E:\MengTaSanGuo\dependencies\src\lua-5.1.4\src\lauxlib.c(544): warning C4996: 'strerror': This function or variable may be unsafe. Consider using strerror_s instead. To disable deprecation, use _CRT_SECURE_NO_WARNINGS. See online help for details.
                 C:\Program Files (x86)\Microsoft Visual Studio 11.0\VC\include\string.h(164) : see declaration of 'strerror'
     1>E:\MengTaSanGuo\dependencies\src\lua-5.1.4\src\lauxlib.c(564): warning C4996: 'fopen': This function or variable may be unsafe. Consider using fopen_s instead. To disable deprecation, use _CRT_SECURE_NO_WARNINGS. See online help for details.
                 C:\Program Files (x86)\Microsoft Visual Studio 11.0\VC\include\stdio.h(218) : see declaration of 'fopen'
     1>E:\MengTaSanGuo\dependencies\src\lua-5.1.4\src\lauxlib.c(574): warning C4996: 'freopen': This function or variable may be unsafe. Consider using freopen_s instead. To disable deprecation, use _CRT_SECURE_NO_WARNINGS. See online help for details.
                 C:\Program Files (x86)\Microsoft Visual Studio 11.0\VC\include\stdio.h(233) : see declaration of 'freopen'
         {{xgTaskID=00000000}}
         {{xgTaskID=00000007}}
         lbaselib.c
         {{xgTaskID=00000000}}
         {{xgTaskID=00000008}}
         lcode.c
         {{xgTaskID=00000000}}
         {{xgTaskID=00000009}}
         ldblib.c
         {{xgTaskID=00000000}}
         {{xgTaskID=0000000B}}
         ldo.c
         {{xgTaskID=00000000}}
         {{xgTaskID=0000000A}}
         ldebug.c
         {{xgTaskID=00000000}}
         {{xgTaskID=0000000C}}
         ldump.c
         {{xgTaskID=00000000}}
         {{xgTaskID=0000000D}}
         lfunc.c
         {{xgTaskID=00000000}}
         {{xgTaskID=0000000E}}
         lgc.c
         {{xgTaskID=00000000}}
         {{xgTaskID=0000000F}}
         linit.c
         {{xgTaskID=00000000}}
         {{xgTaskID=00000012}}
         lmathlib.c
         {{xgTaskID=00000000}}
         {{xgTaskID=00000013}}
         lmem.c
         {{xgTaskID=00000000}}
         {{xgTaskID=00000010}}
         liolib.c
     1>E:\MengTaSanGuo\dependencies\src\lua-5.1.4\src\liolib.c(39): warning C4996: 'strerror': This function or variable may be unsafe. Consider using strerror_s instead. To disable deprecation, use _CRT_SECURE_NO_WARNINGS. See online help for details.
                 C:\Program Files (x86)\Microsoft Visual Studio 11.0\VC\include\string.h(164) : see declaration of 'strerror'
     1>E:\MengTaSanGuo\dependencies\src\lua-5.1.4\src\liolib.c(41): warning C4996: 'strerror': This function or variable may be unsafe. Consider using strerror_s instead. To disable deprecation, use _CRT_SECURE_NO_WARNINGS. See online help for details.
                 C:\Program Files (x86)\Microsoft Visual Studio 11.0\VC\include\string.h(164) : see declaration of 'strerror'
     1>E:\MengTaSanGuo\dependencies\src\lua-5.1.4\src\liolib.c(49): warning C4996: 'strerror': This function or variable may be unsafe. Consider using strerror_s instead. To disable deprecation, use _CRT_SECURE_NO_WARNINGS. See online help for details.
                 C:\Program Files (x86)\Microsoft Visual Studio 11.0\VC\include\string.h(164) : see declaration of 'strerror'
     1>E:\MengTaSanGuo\dependencies\src\lua-5.1.4\src\liolib.c(165): warning C4996: 'fopen': This function or variable may be unsafe. Consider using fopen_s instead. To disable deprecation, use _CRT_SECURE_NO_WARNINGS. See online help for details.
                 C:\Program Files (x86)\Microsoft Visual Studio 11.0\VC\include\stdio.h(218) : see declaration of 'fopen'
     1>E:\MengTaSanGuo\dependencies\src\lua-5.1.4\src\liolib.c(185): warning C4996: 'tmpfile': This function or variable may be unsafe. Consider using tmpfile_s instead. To disable deprecation, use _CRT_SECURE_NO_WARNINGS. See online help for details.
                 C:\Program Files (x86)\Microsoft Visual Studio 11.0\VC\include\stdio.h(324) : see declaration of 'tmpfile'
     1>E:\MengTaSanGuo\dependencies\src\lua-5.1.4\src\liolib.c(205): warning C4996: 'fopen': This function or variable may be unsafe. Consider using fopen_s instead. To disable deprecation, use _CRT_SECURE_NO_WARNINGS. See online help for details.
                 C:\Program Files (x86)\Microsoft Visual Studio 11.0\VC\include\stdio.h(218) : see declaration of 'fopen'
     1>E:\MengTaSanGuo\dependencies\src\lua-5.1.4\src\liolib.c(257): warning C4996: 'fopen': This function or variable may be unsafe. Consider using fopen_s instead. To disable deprecation, use _CRT_SECURE_NO_WARNINGS. See online help for details.
                 C:\Program Files (x86)\Microsoft Visual Studio 11.0\VC\include\stdio.h(218) : see declaration of 'fopen'
     1>E:\MengTaSanGuo\dependencies\src\lua-5.1.4\src\liolib.c(275): warning C4996: 'fscanf': This function or variable may be unsafe. Consider using fscanf_s instead. To disable deprecation, use _CRT_SECURE_NO_WARNINGS. See online help for details.
                 C:\Program Files (x86)\Microsoft Visual Studio 11.0\VC\include\stdio.h(237) : see declaration of 'fscanf'
     1>E:\MengTaSanGuo\dependencies\src\lua-5.1.4\src\liolib.c(395): warning C4996: 'strerror': This function or variable may be unsafe. Consider using strerror_s instead. To disable deprecation, use _CRT_SECURE_NO_WARNINGS. See online help for details.
                 C:\Program Files (x86)\Microsoft Visual Studio 11.0\VC\include\string.h(164) : see declaration of 'strerror'
         {{xgTaskID=00000000}}
         {{xgTaskID=00000016}}
         lopcodes.c
         {{xgTaskID=00000000}}
         {{xgTaskID=00000011}}
         llex.c
         {{xgTaskID=00000000}}
         {{xgTaskID=00000017}}
         loslib.c
     1>E:\MengTaSanGuo\dependencies\src\lua-5.1.4\src\loslib.c(31): warning C4996: 'strerror': This function or variable may be unsafe. Consider using strerror_s instead. To disable deprecation, use _CRT_SECURE_NO_WARNINGS. See online help for details.
                 C:\Program Files (x86)\Microsoft Visual Studio 11.0\VC\include\string.h(164) : see declaration of 'strerror'
     1>E:\MengTaSanGuo\dependencies\src\lua-5.1.4\src\loslib.c(60): warning C4996: 'tmpnam': This function or variable may be unsafe. Consider using tmpnam_s instead. To disable deprecation, use _CRT_SECURE_NO_WARNINGS. See online help for details.
                 C:\Program Files (x86)\Microsoft Visual Studio 11.0\VC\include\stdio.h(330) : see declaration of 'tmpnam'
     1>E:\MengTaSanGuo\dependencies\src\lua-5.1.4\src\loslib.c(69): warning C4996: 'getenv': This function or variable may be unsafe. Consider using _dupenv_s instead. To disable deprecation, use _CRT_SECURE_NO_WARNINGS. See online help for details.
                 C:\Program Files (x86)\Microsoft Visual Studio 11.0\VC\include\stdlib.h(449) : see declaration of 'getenv'
     1>E:\MengTaSanGuo\dependencies\src\lua-5.1.4\src\loslib.c(129): warning C4996: 'gmtime': This function or variable may be unsafe. Consider using gmtime_s instead. To disable deprecation, use _CRT_SECURE_NO_WARNINGS. See online help for details.
                 C:\Program Files (x86)\Microsoft Visual Studio 11.0\VC\include\time.inl(99) : see declaration of 'gmtime'
     1>E:\MengTaSanGuo\dependencies\src\lua-5.1.4\src\loslib.c(133): warning C4996: 'localtime': This function or variable may be unsafe. Consider using localtime_s instead. To disable deprecation, use _CRT_SECURE_NO_WARNINGS. See online help for details.
                 C:\Program Files (x86)\Microsoft Visual Studio 11.0\VC\include\time.inl(112) : see declaration of 'localtime'
         {{xgTaskID=00000000}}
         {{xgTaskID=00000019}}
         lstate.c
         {{xgTaskID=00000000}}
         {{xgTaskID=00000018}}
         lparser.c
         {{xgTaskID=00000000}}
         {{xgTaskID=0000001A}}
         lstring.c
         {{xgTaskID=00000000}}
         {{xgTaskID=0000001B}}
         lstrlib.c
     1>E:\MengTaSanGuo\dependencies\src\lua-5.1.4\src\lstrlib.c(740): warning C4996: 'strncpy': This function or variable may be unsafe. Consider using strncpy_s instead. To disable deprecation, use _CRT_SECURE_NO_WARNINGS. See online help for details.
                 C:\Program Files (x86)\Microsoft Visual Studio 11.0\VC\include\string.h(191) : see declaration of 'strncpy'
     1>E:\MengTaSanGuo\dependencies\src\lua-5.1.4\src\lstrlib.c(750): warning C4996: 'strcpy': This function or variable may be unsafe. Consider using strcpy_s instead. To disable deprecation, use _CRT_SECURE_NO_WARNINGS. See online help for details.
     1>E:\MengTaSanGuo\dependencies\src\lua-5.1.4\src\lstrlib.c(775): warning C4996: 'sprintf': This function or variable may be unsafe. Consider using sprintf_s instead. To disable deprecation, use _CRT_SECURE_NO_WARNINGS. See online help for details.
                 C:\Program Files (x86)\Microsoft Visual Studio 11.0\VC\include\stdio.h(357) : see declaration of 'sprintf'
     1>E:\MengTaSanGuo\dependencies\src\lua-5.1.4\src\lstrlib.c(780): warning C4996: 'sprintf': This function or variable may be unsafe. Consider using sprintf_s instead. To disable deprecation, use _CRT_SECURE_NO_WARNINGS. See online help for details.
                 C:\Program Files (x86)\Microsoft Visual Studio 11.0\VC\include\stdio.h(357) : see declaration of 'sprintf'
     1>E:\MengTaSanGuo\dependencies\src\lua-5.1.4\src\lstrlib.c(785): warning C4996: 'sprintf': This function or variable may be unsafe. Consider using sprintf_s instead. To disable deprecation, use _CRT_SECURE_NO_WARNINGS. See online help for details.
                 C:\Program Files (x86)\Microsoft Visual Studio 11.0\VC\include\stdio.h(357) : see declaration of 'sprintf'
     1>E:\MengTaSanGuo\dependencies\src\lua-5.1.4\src\lstrlib.c(790): warning C4996: 'sprintf': This function or variable may be unsafe. Consider using sprintf_s instead. To disable deprecation, use _CRT_SECURE_NO_WARNINGS. See online help for details.
                 C:\Program Files (x86)\Microsoft Visual Studio 11.0\VC\include\stdio.h(357) : see declaration of 'sprintf'
     1>E:\MengTaSanGuo\dependencies\src\lua-5.1.4\src\lstrlib.c(808): warning C4996: 'sprintf': This function or variable may be unsafe. Consider using sprintf_s instead. To disable deprecation, use _CRT_SECURE_NO_WARNINGS. See online help for details.
                 C:\Program Files (x86)\Microsoft Visual Studio 11.0\VC\include\stdio.h(357) : see declaration of 'sprintf'
         {{xgTaskID=00000000}}
         {{xgTaskID=0000001C}}
         ltable.c
         {{xgTaskID=00000000}}
         {{xgTaskID=0000001D}}
         ltablib.c
         {{xgTaskID=00000000}}
         {{xgTaskID=0000001E}}
         ltm.c
         {{xgTaskID=00000000}}
         {{xgTaskID=0000001F}}
         lundump.c
         {{xgTaskID=00000000}}
         {{xgTaskID=00000020}}
         lvm.c
     1>E:\MengTaSanGuo\dependencies\src\lua-5.1.4\src\lvm.c(53): warning C4996: 'sprintf': This function or variable may be unsafe. Consider using sprintf_s instead. To disable deprecation, use _CRT_SECURE_NO_WARNINGS. See online help for details.
                 C:\Program Files (x86)\Microsoft Visual Studio 11.0\VC\include\stdio.h(357) : see declaration of 'sprintf'
         {{xgTaskID=00000000}}
         {{xgTaskID=00000021}}
         lzio.c
         {{xgTaskID=00000000}}
         {{xgTaskID=00000014}}
         loadlib.c
     1>E:\MengTaSanGuo\dependencies\src\lua-5.1.4\src\loadlib.c(333): warning C4996: 'fopen': This function or variable may be unsafe. Consider using fopen_s instead. To disable deprecation, use _CRT_SECURE_NO_WARNINGS. See online help for details.
                 C:\Program Files (x86)\Microsoft Visual Studio 11.0\VC\include\stdio.h(218) : see declaration of 'fopen'
     1>E:\MengTaSanGuo\dependencies\src\lua-5.1.4\src\loadlib.c(594): warning C4996: 'getenv': This function or variable may be unsafe. Consider using _dupenv_s instead. To disable deprecation, use _CRT_SECURE_NO_WARNINGS. See online help for details.
                 C:\Program Files (x86)\Microsoft Visual Studio 11.0\VC\include\stdlib.h(449) : see declaration of 'getenv'
         {{xgTaskID=00000000}}
         {{xgTaskID=00000015}}
         lobject.c
     1>E:\MengTaSanGuo\dependencies\src\lua-5.1.4\src\lobject.c(145): warning C4996: 'sprintf': This function or variable may be unsafe. Consider using sprintf_s instead. To disable deprecation, use _CRT_SECURE_NO_WARNINGS. See online help for details.
                 C:\Program Files (x86)\Microsoft Visual Studio 11.0\VC\include\stdio.h(357) : see declaration of 'sprintf'
     1>E:\MengTaSanGuo\dependencies\src\lua-5.1.4\src\lobject.c(184): warning C4996: 'strncpy': This function or variable may be unsafe. Consider using strncpy_s instead. To disable deprecation, use _CRT_SECURE_NO_WARNINGS. See online help for details.
                 C:\Program Files (x86)\Microsoft Visual Studio 11.0\VC\include\string.h(191) : see declaration of 'strncpy'
     1>E:\MengTaSanGuo\dependencies\src\lua-5.1.4\src\lobject.c(193): warning C4996: 'strcpy': This function or variable may be unsafe. Consider using strcpy_s instead. To disable deprecation, use _CRT_SECURE_NO_WARNINGS. See online help for details.
     1>E:\MengTaSanGuo\dependencies\src\lua-5.1.4\src\lobject.c(196): warning C4996: 'strcat': This function or variable may be unsafe. Consider using strcat_s instead. To disable deprecation, use _CRT_SECURE_NO_WARNINGS. See online help for details.
     1>E:\MengTaSanGuo\dependencies\src\lua-5.1.4\src\lobject.c(198): warning C4996: 'strcat': This function or variable may be unsafe. Consider using strcat_s instead. To disable deprecation, use _CRT_SECURE_NO_WARNINGS. See online help for details.
     1>E:\MengTaSanGuo\dependencies\src\lua-5.1.4\src\lobject.c(204): warning C4996: 'strcpy': This function or variable may be unsafe. Consider using strcpy_s instead. To disable deprecation, use _CRT_SECURE_NO_WARNINGS. See online help for details.
     1>E:\MengTaSanGuo\dependencies\src\lua-5.1.4\src\lobject.c(206): warning C4996: 'strncat': This function or variable may be unsafe. Consider using strncat_s instead. To disable deprecation, use _CRT_SECURE_NO_WARNINGS. See online help for details.
                 C:\Program Files (x86)\Microsoft Visual Studio 11.0\VC\include\string.h(182) : see declaration of 'strncat'
     1>E:\MengTaSanGuo\dependencies\src\lua-5.1.4\src\lobject.c(207): warning C4996: 'strcat': This function or variable may be unsafe. Consider using strcat_s instead. To disable deprecation, use _CRT_SECURE_NO_WARNINGS. See online help for details.
     1>E:\MengTaSanGuo\dependencies\src\lua-5.1.4\src\lobject.c(210): warning C4996: 'strcat': This function or variable may be unsafe. Consider using strcat_s instead. To disable deprecation, use _CRT_SECURE_NO_WARNINGS. See online help for details.
     1>E:\MengTaSanGuo\dependencies\src\lua-5.1.4\src\lobject.c(211): warning C4996: 'strcat': This function or variable may be unsafe. Consider using strcat_s instead. To disable deprecation, use _CRT_SECURE_NO_WARNINGS. See online help for details.
         {{xgTaskID=00000000}}
       Lib:
         C:\Program Files (x86)\Microsoft Visual Studio 11.0\VC\bin\Lib.exe /OUT:"E:\MengTaSanGuo\dependencies\lib\Release\lua.lib" /NOLOGO lua.dir\Release\lapi.obj
         lua.dir\Release\lauxlib.obj
         lua.dir\Release\lbaselib.obj
         lua.dir\Release\lcode.obj
         lua.dir\Release\ldblib.obj
         lua.dir\Release\ldebug.obj
         lua.dir\Release\ldo.obj
         lua.dir\Release\ldump.obj
         lua.dir\Release\lfunc.obj
         lua.dir\Release\lgc.obj
         lua.dir\Release\linit.obj
         lua.dir\Release\liolib.obj
         lua.dir\Release\llex.obj
         lua.dir\Release\lmathlib.obj
         lua.dir\Release\lmem.obj
         lua.dir\Release\loadlib.obj
         lua.dir\Release\lobject.obj
         lua.dir\Release\lopcodes.obj
         lua.dir\Release\loslib.obj
         lua.dir\Release\lparser.obj
         lua.dir\Release\lstate.obj
         lua.dir\Release\lstring.obj
         lua.dir\Release\lstrlib.obj
         lua.dir\Release\ltable.obj
         lua.dir\Release\ltablib.obj
         lua.dir\Release\ltm.obj
         lua.dir\Release\lundump.obj
         lua.dir\Release\lvm.obj
         lua.dir\Release\lzio.obj
         {{xgTaskID=00000022}}
         
         {{xgTaskID=00000000}}
         lua.vcxproj -> E:\MengTaSanGuo\dependencies\lib\Release\lua.lib
       FinalizeBuildStatus:
         Deleting file "lua.dir\Release\src_lua-5.1.4_src.unsuccessfulbuild".
         Touching "lua.dir\Release\src_lua-5.1.4_src.lastbuildstate".
     1>Done Building Project "E:\MengTaSanGuo\dependencies\src\lua-5.1.4\src\lua.vcxproj" (Rebuild target(s)).

Build succeeded.

Time Elapsed 00:00:07.64
